# JRE version: Java(TM) SE Runtime Environment (17.0+35) (build 17+35-LTS-2724)
# Java VM: Java HotSpot(TM) 64-Bit Server VM (17+35-LTS-2724, mixed mode, sharing, tiered, compressed oops, compressed class ptrs, g1 gc, windows-amd64)
GC Precious Log:
 CPUs: 16 total, 16 available
 Memory: 7860M
 Large Page Support: Disabled
 NUMA Support: Disabled
 Compressed Oops: Enabled (32-bit)
 Heap Region Size: 1M
 Heap Min Capacity: 8M
 Heap Initial Capacity: 124M
 Heap Max Capacity: 1966M
 Pre-touch: Disabled
 Parallel Workers: 13
 Concurrent Workers: 3
 Concurrent Refinement Workers: 13
 Periodic GC: Disabled
Heap:
 garbage-first heap   total 126976K, used 34320K [0x0000000085200000, 0x0000000100000000)
  region size 1024K, 4 young (4096K), 4 survivors (4096K)
 Metaspace       used 68597K, committed 69120K, reserved 1114112K
  class space    used 9658K, committed 9920K, reserved 1048576K
GC Heap History (20 events):
Event: 2.761 GC heap after
{Heap after GC invocations=8 (full 0):
 garbage-first heap   total 58368K, used 18477K [0x0000000085200000, 0x0000000100000000)
  region size 1024K, 1 young (1024K), 1 survivors (1024K)
 Metaspace       used 25813K, committed 26176K, reserved 1073152K
  class space    used 3342K, committed 3520K, reserved 1048576K
}
Event: 3.557 GC heap before
{Heap before GC invocations=8 (full 0):
 garbage-first heap   total 58368K, used 41005K [0x0000000085200000, 0x0000000100000000)
  region size 1024K, 24 young (24576K), 1 survivors (1024K)
 Metaspace       used 30626K, committed 31040K, reserved 1081344K
  class space    used 3980K, committed 4160K, reserved 1048576K
}
Event: 3.565 GC heap after
{Heap after GC invocations=9 (full 0):
 garbage-first heap   total 102400K, used 20434K [0x0000000085200000, 0x0000000100000000)
  region size 1024K, 3 young (3072K), 3 survivors (3072K)
 Metaspace       used 30626K, committed 31040K, reserved 1081344K
  class space    used 3980K, committed 4160K, reserved 1048576K
}
Event: 4.014 GC heap before
{Heap before GC invocations=9 (full 0):
 garbage-first heap   total 102400K, used 75730K [0x0000000085200000, 0x0000000100000000)
  region size 1024K, 58 young (59392K), 3 survivors (3072K)
 Metaspace       used 34105K, committed 34496K, reserved 1081344K
  class space    used 4482K, committed 4672K, reserved 1048576K
}
Event: 4.018 GC heap after
{Heap after GC invocations=10 (full 0):
 garbage-first heap   total 102400K, used 21357K [0x0000000085200000, 0x0000000100000000)
  region size 1024K, 4 young (4096K), 4 survivors (4096K)
 Metaspace       used 34105K, committed 34496K, reserved 1081344K
  class space    used 4482K, committed 4672K, reserved 1048576K
}
Event: 4.155 GC heap before
{Heap before GC invocations=10 (full 0):
 garbage-first heap   total 102400K, used 27501K [0x0000000085200000, 0x0000000100000000)
  region size 1024K, 11 young (11264K), 4 survivors (4096K)
 Metaspace       used 35583K, committed 35968K, reserved 1081344K
  class space    used 4720K, committed 4864K, reserved 1048576K
}
Event: 4.159 GC heap after
{Heap after GC invocations=11 (full 0):
 garbage-first heap   total 102400K, used 21868K [0x0000000085200000, 0x0000000100000000)
  region size 1024K, 4 young (4096K), 4 survivors (4096K)
 Metaspace       used 35583K, committed 35968K, reserved 1081344K
  class space    used 4720K, committed 4864K, reserved 1048576K
}
Event: 5.042 GC heap before
{Heap before GC invocations=12 (full 0):
 garbage-first heap   total 78848K, used 64876K [0x0000000085200000, 0x0000000100000000)
  region size 1024K, 46 young (47104K), 4 survivors (4096K)
 Metaspace       used 45932K, committed 46400K, reserved 1089536K
  class space    used 6082K, committed 6272K, reserved 1048576K
}
Event: 5.050 GC heap after
{Heap after GC invocations=13 (full 0):
 garbage-first heap   total 78848K, used 25076K [0x0000000085200000, 0x0000000100000000)
  region size 1024K, 5 young (5120K), 5 survivors (5120K)
 Metaspace       used 45932K, committed 46400K, reserved 1089536K
  class space    used 6082K, committed 6272K, reserved 1048576K
}
Event: 5.063 GC heap before
{Heap before GC invocations=13 (full 0):
 garbage-first heap   total 78848K, used 25076K [0x0000000085200000, 0x0000000100000000)
  region size 1024K, 6 young (6144K), 5 survivors (5120K)
 Metaspace       used 46153K, committed 46592K, reserved 1089536K
  class space    used 6121K, committed 6336K, reserved 1048576K
}
Event: 5.068 GC heap after
{Heap after GC invocations=14 (full 0):
 garbage-first heap   total 78848K, used 25323K [0x0000000085200000, 0x0000000100000000)
  region size 1024K, 1 young (1024K), 1 survivors (1024K)
 Metaspace       used 46153K, committed 46592K, reserved 1089536K
  class space    used 6121K, committed 6336K, reserved 1048576K
}
Event: 5.771 GC heap before
{Heap before GC invocations=14 (full 0):
 garbage-first heap   total 78848K, used 61163K [0x0000000085200000, 0x0000000100000000)
  region size 1024K, 37 young (37888K), 1 survivors (1024K)
 Metaspace       used 55246K, committed 55744K, reserved 1097728K
  class space    used 7593K, committed 7808K, reserved 1048576K
}
Event: 5.775 GC heap after
{Heap after GC invocations=15 (full 0):
 garbage-first heap   total 78848K, used 26156K [0x0000000085200000, 0x0000000100000000)
  region size 1024K, 2 young (2048K), 2 survivors (2048K)
 Metaspace       used 55246K, committed 55744K, reserved 1097728K
  class space    used 7593K, committed 7808K, reserved 1048576K
}
Event: 6.319 GC heap before
{Heap before GC invocations=15 (full 0):
 garbage-first heap   total 78848K, used 48684K [0x0000000085200000, 0x0000000100000000)
  region size 1024K, 25 young (25600K), 2 survivors (2048K)
 Metaspace       used 59536K, committed 60096K, reserved 1105920K
  class space    used 8156K, committed 8448K, reserved 1048576K
}
Event: 6.322 GC heap after
{Heap after GC invocations=16 (full 0):
 garbage-first heap   total 78848K, used 28344K [0x0000000085200000, 0x0000000100000000)
  region size 1024K, 4 young (4096K), 4 survivors (4096K)
 Metaspace       used 59536K, committed 60096K, reserved 1105920K
  class space    used 8156K, committed 8448K, reserved 1048576K
}
Event: 6.965 GC heap before
{Heap before GC invocations=17 (full 0):
 garbage-first heap   total 78848K, used 62136K [0x0000000085200000, 0x0000000100000000)
  region size 1024K, 38 young (38912K), 4 survivors (4096K)
 Metaspace       used 64700K, committed 65216K, reserved 1105920K
  class space    used 9102K, committed 9344K, reserved 1048576K
}
Event: 6.970 GC heap after
{Heap after GC invocations=18 (full 0):
 garbage-first heap   total 78848K, used 31215K [0x0000000085200000, 0x0000000100000000)
  region size 1024K, 5 young (5120K), 5 survivors (5120K)
 Metaspace       used 64700K, committed 65216K, reserved 1105920K
  class space    used 9102K, committed 9344K, reserved 1048576K
}
Event: 6.986 GC heap before
{Heap before GC invocations=18 (full 0):
 garbage-first heap   total 78848K, used 31215K [0x0000000085200000, 0x0000000100000000)
  region size 1024K, 6 young (6144K), 5 survivors (5120K)
 Metaspace       used 64889K, committed 65472K, reserved 1105920K
  class space    used 9126K, committed 9408K, reserved 1048576K
}
Event: 6.990 GC heap after
{Heap after GC invocations=19 (full 0):
 garbage-first heap   total 78848K, used 31652K [0x0000000085200000, 0x0000000100000000)
  region size 1024K, 1 young (1024K), 1 survivors (1024K)
 Metaspace       used 64889K, committed 65472K, reserved 1105920K
  class space    used 9126K, committed 9408K, reserved 1048576K
}
Event: 7.775 GC heap before
{Heap before GC invocations=19 (full 0):
 garbage-first heap   total 78848K, used 62372K [0x0000000085200000, 0x0000000100000000)
  region size 1024K, 31 young (31744K), 1 survivors (1024K)
 Metaspace       used 68597K, committed 69120K, reserved 1114112K
  class space    used 9658K, committed 9920K, reserved 1048576K
}

