# JRE version: Java(TM) SE Runtime Environment (17.0+35) (build 17+35-LTS-2724)
# Java VM: Java HotSpot(TM) 64-Bit Server VM (17+35-LTS-2724, mixed mode, sharing, tiered, compressed oops, compressed class ptrs, g1 gc, windows-amd64)
GC Precious Log:
 CPUs: 16 total, 16 available
 Memory: 7860M
 Large Page Support: Disabled
 NUMA Support: Disabled
 Compressed Oops: Enabled (32-bit)
 Heap Region Size: 1M
 Heap Min Capacity: 8M
 Heap Initial Capacity: 124M
 Heap Max Capacity: 1966M
 Pre-touch: Disabled
 Parallel Workers: 13
 Concurrent Workers: 3
 Concurrent Refinement Workers: 13
 Periodic GC: Disabled
Heap:
 garbage-first heap   total 104448K, used 60953K [0x0000000085200000, 0x0000000100000000)
  region size 1024K, 31 young (31744K), 4 survivors (4096K)
 Metaspace       used 74535K, committed 75136K, reserved 1114112K
  class space    used 10462K, committed 10752K, reserved 1048576K
GC Heap History (20 events):
Event: 3.318 GC heap before
{Heap before GC invocations=6 (full 0):
 garbage-first heap   total 58368K, used 43930K [0x0000000085200000, 0x0000000100000000)
  region size 1024K, 34 young (34816K), 7 survivors (7168K)
 Metaspace       used 25356K, committed 25664K, reserved 1073152K
  class space    used 3279K, committed 3392K, reserved 1048576K
}
Event: 3.330 GC heap after
{Heap after GC invocations=7 (full 0):
 garbage-first heap   total 58368K, used 18705K [0x0000000085200000, 0x0000000100000000)
  region size 1024K, 3 young (3072K), 3 survivors (3072K)
 Metaspace       used 25356K, committed 25664K, reserved 1073152K
  class space    used 3279K, committed 3392K, reserved 1048576K
}
Event: 4.850 GC heap before
{Heap before GC invocations=7 (full 0):
 garbage-first heap   total 58368K, used 43281K [0x0000000085200000, 0x0000000100000000)
  region size 1024K, 27 young (27648K), 3 survivors (3072K)
 Metaspace       used 30474K, committed 30912K, reserved 1081344K
  class space    used 3960K, committed 4160K, reserved 1048576K
}
Event: 4.859 GC heap after
{Heap after GC invocations=8 (full 0):
 garbage-first heap   total 58368K, used 20896K [0x0000000085200000, 0x0000000100000000)
  region size 1024K, 3 young (3072K), 3 survivors (3072K)
 Metaspace       used 30474K, committed 30912K, reserved 1081344K
  class space    used 3960K, committed 4160K, reserved 1048576K
}
Event: 5.022 GC heap before
{Heap before GC invocations=8 (full 0):
 garbage-first heap   total 58368K, used 42400K [0x0000000085200000, 0x0000000100000000)
  region size 1024K, 25 young (25600K), 3 survivors (3072K)
 Metaspace       used 30894K, committed 31360K, reserved 1081344K
  class space    used 4026K, committed 4224K, reserved 1048576K
}
Event: 5.029 GC heap after
{Heap after GC invocations=9 (full 0):
 garbage-first heap   total 58368K, used 21392K [0x0000000085200000, 0x0000000100000000)
  region size 1024K, 1 young (1024K), 1 survivors (1024K)
 Metaspace       used 30894K, committed 31360K, reserved 1081344K
  class space    used 4026K, committed 4224K, reserved 1048576K
}
Event: 5.092 GC heap before
{Heap before GC invocations=9 (full 0):
 garbage-first heap   total 58368K, used 42896K [0x0000000085200000, 0x0000000100000000)
  region size 1024K, 23 young (23552K), 1 survivors (1024K)
 Metaspace       used 31206K, committed 31616K, reserved 1081344K
  class space    used 4089K, committed 4288K, reserved 1048576K
}
Event: 5.096 GC heap after
{Heap after GC invocations=10 (full 0):
 garbage-first heap   total 97280K, used 21449K [0x0000000085200000, 0x0000000100000000)
  region size 1024K, 1 young (1024K), 1 survivors (1024K)
 Metaspace       used 31206K, committed 31616K, reserved 1081344K
  class space    used 4089K, committed 4288K, reserved 1048576K
}
Event: 5.673 GC heap before
{Heap before GC invocations=10 (full 0):
 garbage-first heap   total 97280K, used 38857K [0x0000000085200000, 0x0000000100000000)
  region size 1024K, 19 young (19456K), 1 survivors (1024K)
 Metaspace       used 35559K, committed 35968K, reserved 1081344K
  class space    used 4722K, committed 4928K, reserved 1048576K
}
Event: 5.677 GC heap after
{Heap after GC invocations=11 (full 0):
 garbage-first heap   total 97280K, used 22125K [0x0000000085200000, 0x0000000100000000)
  region size 1024K, 2 young (2048K), 2 survivors (2048K)
 Metaspace       used 35559K, committed 35968K, reserved 1081344K
  class space    used 4722K, committed 4928K, reserved 1048576K
}
Event: 6.922 GC heap before
{Heap before GC invocations=12 (full 0):
 garbage-first heap   total 81920K, used 68205K [0x0000000085200000, 0x0000000100000000)
  region size 1024K, 48 young (49152K), 2 survivors (2048K)
 Metaspace       used 47235K, committed 47680K, reserved 1097728K
  class space    used 6221K, committed 6400K, reserved 1048576K
}
Event: 6.928 GC heap after
{Heap after GC invocations=13 (full 0):
 garbage-first heap   total 81920K, used 25626K [0x0000000085200000, 0x0000000100000000)
  region size 1024K, 5 young (5120K), 5 survivors (5120K)
 Metaspace       used 47235K, committed 47680K, reserved 1097728K
  class space    used 6221K, committed 6400K, reserved 1048576K
}
Event: 7.773 GC heap before
{Heap before GC invocations=13 (full 0):
 garbage-first heap   total 81920K, used 63514K [0x0000000085200000, 0x0000000100000000)
  region size 1024K, 42 young (43008K), 5 survivors (5120K)
 Metaspace       used 55891K, committed 56384K, reserved 1097728K
  class space    used 7655K, committed 7872K, reserved 1048576K
}
Event: 7.780 GC heap after
{Heap after GC invocations=14 (full 0):
 garbage-first heap   total 81920K, used 27423K [0x0000000085200000, 0x0000000100000000)
  region size 1024K, 2 young (2048K), 2 survivors (2048K)
 Metaspace       used 55891K, committed 56384K, reserved 1097728K
  class space    used 7655K, committed 7872K, reserved 1048576K
}
Event: 8.405 GC heap before
{Heap before GC invocations=14 (full 0):
 garbage-first heap   total 81920K, used 45855K [0x0000000085200000, 0x0000000100000000)
  region size 1024K, 21 young (21504K), 2 survivors (2048K)
 Metaspace       used 59543K, committed 60096K, reserved 1105920K
  class space    used 8157K, committed 8448K, reserved 1048576K
}
Event: 8.409 GC heap after
{Heap after GC invocations=15 (full 0):
 garbage-first heap   total 81920K, used 29181K [0x0000000085200000, 0x0000000100000000)
  region size 1024K, 4 young (4096K), 4 survivors (4096K)
 Metaspace       used 59543K, committed 60096K, reserved 1105920K
  class space    used 8157K, committed 8448K, reserved 1048576K
}
Event: 9.269 GC heap before
{Heap before GC invocations=16 (full 0):
 garbage-first heap   total 81920K, used 62973K [0x0000000085200000, 0x0000000100000000)
  region size 1024K, 38 young (38912K), 4 survivors (4096K)
 Metaspace       used 64722K, committed 65216K, reserved 1105920K
  class space    used 9102K, committed 9344K, reserved 1048576K
}
Event: 9.278 GC heap after
{Heap after GC invocations=17 (full 0):
 garbage-first heap   total 81920K, used 32086K [0x0000000085200000, 0x0000000100000000)
  region size 1024K, 5 young (5120K), 5 survivors (5120K)
 Metaspace       used 64722K, committed 65216K, reserved 1105920K
  class space    used 9102K, committed 9344K, reserved 1048576K
}
Event: 10.337 GC heap before
{Heap before GC invocations=17 (full 0):
 garbage-first heap   total 81920K, used 63830K [0x0000000085200000, 0x0000000100000000)
  region size 1024K, 36 young (36864K), 5 survivors (5120K)
 Metaspace       used 68601K, committed 69184K, reserved 1114112K
  class space    used 9657K, committed 9920K, reserved 1048576K
}
Event: 10.343 GC heap after
{Heap after GC invocations=18 (full 0):
 garbage-first heap   total 104448K, used 35353K [0x0000000085200000, 0x0000000100000000)
  region size 1024K, 4 young (4096K), 4 survivors (4096K)
 Metaspace       used 68601K, committed 69184K, reserved 1114112K
  class space    used 9657K, committed 9920K, reserved 1048576K
}

