# JRE version: Java(TM) SE Runtime Environment (17.0+35) (build 17+35-LTS-2724)
# Java VM: Java HotSpot(TM) 64-Bit Server VM (17+35-LTS-2724, mixed mode, sharing, tiered, compressed oops, compressed class ptrs, g1 gc, windows-amd64)
GC Precious Log:
 CPUs: 16 total, 16 available
 Memory: 7860M
 Large Page Support: Disabled
 NUMA Support: Disabled
 Compressed Oops: Enabled (32-bit)
 Heap Region Size: 1M
 Heap Min Capacity: 8M
 Heap Initial Capacity: 124M
 Heap Max Capacity: 1966M
 Pre-touch: Disabled
 Parallel Workers: 13
 Concurrent Workers: 3
 Concurrent Refinement Workers: 13
 Periodic GC: Disabled
Heap:
 garbage-first heap   total 71680K, used 41182K [0x0000000085200000, 0x0000000100000000)
  region size 1024K, 13 young (13312K), 2 survivors (2048K)
 Metaspace       used 72065K, committed 72640K, reserved 1114112K
  class space    used 9906K, committed 10176K, reserved 1048576K
GC Heap History (20 events):
Event: 2.232 GC heap before
{Heap before GC invocations=6 (full 0):
 garbage-first heap   total 51200K, used 37568K [0x0000000085200000, 0x0000000100000000)
  region size 1024K, 30 young (30720K), 7 survivors (7168K)
 Metaspace       used 24893K, committed 25152K, reserved 1073152K
  class space    used 3212K, committed 3328K, reserved 1048576K
}
Event: 2.240 GC heap after
{Heap after GC invocations=7 (full 0):
 garbage-first heap   total 51200K, used 15535K [0x0000000085200000, 0x0000000100000000)
  region size 1024K, 2 young (2048K), 2 survivors (2048K)
 Metaspace       used 24893K, committed 25152K, reserved 1073152K
  class space    used 3212K, committed 3328K, reserved 1048576K
}
Event: 2.260 GC heap before
{Heap before GC invocations=7 (full 0):
 garbage-first heap   total 51200K, used 17583K [0x0000000085200000, 0x0000000100000000)
  region size 1024K, 4 young (4096K), 2 survivors (2048K)
 Metaspace       used 25034K, committed 25408K, reserved 1073152K
  class space    used 3227K, committed 3392K, reserved 1048576K
}
Event: 2.264 GC heap after
{Heap after GC invocations=8 (full 0):
 garbage-first heap   total 79872K, used 15746K [0x0000000085200000, 0x0000000100000000)
  region size 1024K, 1 young (1024K), 1 survivors (1024K)
 Metaspace       used 25034K, committed 25408K, reserved 1073152K
  class space    used 3227K, committed 3392K, reserved 1048576K
}
Event: 3.165 GC heap before
{Heap before GC invocations=8 (full 0):
 garbage-first heap   total 79872K, used 59778K [0x0000000085200000, 0x0000000100000000)
  region size 1024K, 44 young (45056K), 1 survivors (1024K)
 Metaspace       used 32821K, committed 33216K, reserved 1081344K
  class space    used 4280K, committed 4480K, reserved 1048576K
}
Event: 3.174 GC heap after
{Heap after GC invocations=9 (full 0):
 garbage-first heap   total 79872K, used 18993K [0x0000000085200000, 0x0000000100000000)
  region size 1024K, 4 young (4096K), 4 survivors (4096K)
 Metaspace       used 32821K, committed 33216K, reserved 1081344K
  class space    used 4280K, committed 4480K, reserved 1048576K
}
Event: 3.407 GC heap before
{Heap before GC invocations=9 (full 0):
 garbage-first heap   total 79872K, used 30257K [0x0000000085200000, 0x0000000100000000)
  region size 1024K, 16 young (16384K), 4 survivors (4096K)
 Metaspace       used 35608K, committed 35968K, reserved 1081344K
  class space    used 4720K, committed 4864K, reserved 1048576K
}
Event: 3.412 GC heap after
{Heap after GC invocations=10 (full 0):
 garbage-first heap   total 79872K, used 19761K [0x0000000085200000, 0x0000000100000000)
  region size 1024K, 1 young (1024K), 1 survivors (1024K)
 Metaspace       used 35608K, committed 35968K, reserved 1081344K
  class space    used 4720K, committed 4864K, reserved 1048576K
}
Event: 4.211 GC heap before
{Heap before GC invocations=11 (full 0):
 garbage-first heap   total 71680K, used 61745K [0x0000000085200000, 0x0000000100000000)
  region size 1024K, 42 young (43008K), 1 survivors (1024K)
 Metaspace       used 45972K, committed 46400K, reserved 1089536K
  class space    used 6077K, committed 6272K, reserved 1048576K
}
Event: 4.216 GC heap after
{Heap after GC invocations=12 (full 0):
 garbage-first heap   total 71680K, used 22598K [0x0000000085200000, 0x0000000100000000)
  region size 1024K, 4 young (4096K), 4 survivors (4096K)
 Metaspace       used 45972K, committed 46400K, reserved 1089536K
  class space    used 6077K, committed 6272K, reserved 1048576K
}
Event: 4.802 GC heap before
{Heap before GC invocations=12 (full 0):
 garbage-first heap   total 71680K, used 55366K [0x0000000085200000, 0x0000000100000000)
  region size 1024K, 36 young (36864K), 4 survivors (4096K)
 Metaspace       used 54674K, committed 55168K, reserved 1097728K
  class space    used 7514K, committed 7744K, reserved 1048576K
}
Event: 4.807 GC heap after
{Heap after GC invocations=13 (full 0):
 garbage-first heap   total 71680K, used 23751K [0x0000000085200000, 0x0000000100000000)
  region size 1024K, 2 young (2048K), 2 survivors (2048K)
 Metaspace       used 54674K, committed 55168K, reserved 1097728K
  class space    used 7514K, committed 7744K, reserved 1048576K
}
Event: 5.314 GC heap before
{Heap before GC invocations=13 (full 0):
 garbage-first heap   total 71680K, used 50375K [0x0000000085200000, 0x0000000100000000)
  region size 1024K, 29 young (29696K), 2 survivors (2048K)
 Metaspace       used 59632K, committed 60160K, reserved 1105920K
  class space    used 8171K, committed 8448K, reserved 1048576K
}
Event: 5.316 GC heap after
{Heap after GC invocations=14 (full 0):
 garbage-first heap   total 71680K, used 26042K [0x0000000085200000, 0x0000000100000000)
  region size 1024K, 4 young (4096K), 4 survivors (4096K)
 Metaspace       used 59632K, committed 60160K, reserved 1105920K
  class space    used 8171K, committed 8448K, reserved 1048576K
}
Event: 5.828 GC heap before
{Heap before GC invocations=15 (full 0):
 garbage-first heap   total 71680K, used 54714K [0x0000000085200000, 0x0000000100000000)
  region size 1024K, 33 young (33792K), 4 survivors (4096K)
 Metaspace       used 63187K, committed 63680K, reserved 1105920K
  class space    used 8729K, committed 8960K, reserved 1048576K
}
Event: 5.831 GC heap after
{Heap after GC invocations=16 (full 0):
 garbage-first heap   total 71680K, used 27777K [0x0000000085200000, 0x0000000100000000)
  region size 1024K, 4 young (4096K), 4 survivors (4096K)
 Metaspace       used 63187K, committed 63680K, reserved 1105920K
  class space    used 8729K, committed 8960K, reserved 1048576K
}
Event: 6.379 GC heap before
{Heap before GC invocations=16 (full 0):
 garbage-first heap   total 71680K, used 57473K [0x0000000085200000, 0x0000000100000000)
  region size 1024K, 33 young (33792K), 4 survivors (4096K)
 Metaspace       used 65768K, committed 66304K, reserved 1105920K
  class space    used 9089K, committed 9344K, reserved 1048576K
}
Event: 6.382 GC heap after
{Heap after GC invocations=17 (full 0):
 garbage-first heap   total 71680K, used 30229K [0x0000000085200000, 0x0000000100000000)
  region size 1024K, 5 young (5120K), 5 survivors (5120K)
 Metaspace       used 65768K, committed 66304K, reserved 1105920K
  class space    used 9089K, committed 9344K, reserved 1048576K
}
Event: 44.448 GC heap before
{Heap before GC invocations=17 (full 0):
 garbage-first heap   total 71680K, used 55829K [0x0000000085200000, 0x0000000100000000)
  region size 1024K, 31 young (31744K), 5 survivors (5120K)
 Metaspace       used 70597K, committed 71168K, reserved 1114112K
  class space    used 9739K, committed 9984K, reserved 1048576K
}
Event: 44.454 GC heap after
{Heap after GC invocations=18 (full 0):
 garbage-first heap   total 71680K, used 31966K [0x0000000085200000, 0x0000000100000000)
  region size 1024K, 2 young (2048K), 2 survivors (2048K)
 Metaspace       used 70597K, committed 71168K, reserved 1114112K
  class space    used 9739K, committed 9984K, reserved 1048576K
}

