# JRE version: Java(TM) SE Runtime Environment (17.0+35) (build 17+35-LTS-2724)
# Java VM: Java HotSpot(TM) 64-Bit Server VM (17+35-LTS-2724, mixed mode, sharing, tiered, compressed oops, compressed class ptrs, g1 gc, windows-amd64)
GC Precious Log:
 CPUs: 16 total, 16 available
 Memory: 7860M
 Large Page Support: Disabled
 NUMA Support: Disabled
 Compressed Oops: Enabled (32-bit)
 Heap Region Size: 1M
 Heap Min Capacity: 8M
 Heap Initial Capacity: 124M
 Heap Max Capacity: 1966M
 Pre-touch: Disabled
 Parallel Workers: 13
 Concurrent Workers: 3
 Concurrent Refinement Workers: 13
 Periodic GC: Disabled
Heap:
 garbage-first heap   total 61440K, used 21816K [0x0000000085200000, 0x0000000100000000)
  region size 1024K, 1 young (1024K), 1 survivors (1024K)
 Metaspace       used 30920K, committed 31360K, reserved 1081344K
  class space    used 4023K, committed 4224K, reserved 1048576K
GC Heap History (15 events):
Event: 0.616 GC heap before
{Heap before GC invocations=0 (full 0):
 garbage-first heap   total 126976K, used 24576K [0x0000000085200000, 0x0000000100000000)
  region size 1024K, 23 young (23552K), 0 survivors (0K)
 Metaspace       used 5313K, committed 5504K, reserved 1056768K
  class space    used 612K, committed 704K, reserved 1048576K
}
Event: 0.622 GC heap after
{Heap after GC invocations=1 (full 0):
 garbage-first heap   total 126976K, used 9372K [0x0000000085200000, 0x0000000100000000)
  region size 1024K, 3 young (3072K), 3 survivors (3072K)
 Metaspace       used 5313K, committed 5504K, reserved 1056768K
  class space    used 612K, committed 704K, reserved 1048576K
}
Event: 1.081 GC heap before
{Heap before GC invocations=1 (full 0):
 garbage-first heap   total 126976K, used 37020K [0x0000000085200000, 0x0000000100000000)
  region size 1024K, 30 young (30720K), 3 survivors (3072K)
 Metaspace       used 11347K, committed 11648K, reserved 1064960K
  class space    used 1517K, committed 1664K, reserved 1048576K
}
Event: 1.085 GC heap after
{Heap after GC invocations=2 (full 0):
 garbage-first heap   total 126976K, used 11576K [0x0000000085200000, 0x0000000100000000)
  region size 1024K, 3 young (3072K), 3 survivors (3072K)
 Metaspace       used 11347K, committed 11648K, reserved 1064960K
  class space    used 1517K, committed 1664K, reserved 1048576K
}
Event: 1.506 GC heap before
{Heap before GC invocations=2 (full 0):
 garbage-first heap   total 126976K, used 78136K [0x0000000085200000, 0x0000000100000000)
  region size 1024K, 69 young (70656K), 3 survivors (3072K)
 Metaspace       used 16769K, committed 17024K, reserved 1064960K
  class space    used 2111K, committed 2240K, reserved 1048576K
}
Event: 1.510 GC heap after
{Heap after GC invocations=3 (full 0):
 garbage-first heap   total 126976K, used 14184K [0x0000000085200000, 0x0000000100000000)
  region size 1024K, 5 young (5120K), 5 survivors (5120K)
 Metaspace       used 16769K, committed 17024K, reserved 1064960K
  class space    used 2111K, committed 2240K, reserved 1048576K
}
Event: 1.522 GC heap before
{Heap before GC invocations=3 (full 0):
 garbage-first heap   total 126976K, used 83816K [0x0000000085200000, 0x0000000100000000)
  region size 1024K, 74 young (75776K), 5 survivors (5120K)
 Metaspace       used 16930K, committed 17152K, reserved 1064960K
  class space    used 2144K, committed 2240K, reserved 1048576K
}
Event: 1.525 GC heap after
{Heap after GC invocations=4 (full 0):
 garbage-first heap   total 126976K, used 14312K [0x0000000085200000, 0x0000000100000000)
  region size 1024K, 5 young (5120K), 5 survivors (5120K)
 Metaspace       used 16930K, committed 17152K, reserved 1064960K
  class space    used 2144K, committed 2240K, reserved 1048576K
}
Event: 2.051 GC heap before
{Heap before GC invocations=4 (full 0):
 garbage-first heap   total 126976K, used 49128K [0x0000000085200000, 0x0000000100000000)
  region size 1024K, 41 young (41984K), 5 survivors (5120K)
 Metaspace       used 21274K, committed 21504K, reserved 1073152K
  class space    used 2706K, committed 2816K, reserved 1048576K
}
Event: 2.058 GC heap after
{Heap after GC invocations=5 (full 0):
 garbage-first heap   total 126976K, used 16640K [0x0000000085200000, 0x0000000100000000)
  region size 1024K, 7 young (7168K), 7 survivors (7168K)
 Metaspace       used 21274K, committed 21504K, reserved 1073152K
  class space    used 2706K, committed 2816K, reserved 1048576K
}
Event: 2.957 GC heap before
{Heap before GC invocations=6 (full 0):
 garbage-first heap   total 61440K, used 46336K [0x0000000085200000, 0x0000000100000000)
  region size 1024K, 36 young (36864K), 7 survivors (7168K)
 Metaspace       used 25864K, committed 26240K, reserved 1073152K
  class space    used 3345K, committed 3520K, reserved 1048576K
}
Event: 2.970 GC heap after
{Heap after GC invocations=7 (full 0):
 garbage-first heap   total 61440K, used 18758K [0x0000000085200000, 0x0000000100000000)
  region size 1024K, 3 young (3072K), 3 survivors (3072K)
 Metaspace       used 25864K, committed 26240K, reserved 1073152K
  class space    used 3345K, committed 3520K, reserved 1048576K
}
Event: 3.618 GC heap before
{Heap before GC invocations=7 (full 0):
 garbage-first heap   total 61440K, used 43334K [0x0000000085200000, 0x0000000100000000)
  region size 1024K, 28 young (28672K), 3 survivors (3072K)
 Metaspace       used 30853K, committed 31296K, reserved 1081344K
  class space    used 4012K, committed 4224K, reserved 1048576K
}
Event: 3.625 GC heap after
{Heap after GC invocations=8 (full 0):
 garbage-first heap   total 61440K, used 21387K [0x0000000085200000, 0x0000000100000000)
  region size 1024K, 3 young (3072K), 3 survivors (3072K)
 Metaspace       used 30853K, committed 31296K, reserved 1081344K
  class space    used 4012K, committed 4224K, reserved 1048576K
}
Event: 3.662 GC heap before
{Heap before GC invocations=8 (full 0):
 garbage-first heap   total 61440K, used 44939K [0x0000000085200000, 0x0000000100000000)
  region size 1024K, 27 young (27648K), 3 survivors (3072K)
 Metaspace       used 30920K, committed 31360K, reserved 1081344K
  class space    used 4023K, committed 4224K, reserved 1048576K
}

